(node:2702) ExperimentalWarning: Conditional exports is an experimental feature. This feature could change at any time
TypeError [ERR_INVALID_ARG_TYPE]: The "url" argument must be of type string. Received undefined
    at validateString (internal/validators.js:118:11)
    at Url.parse (url.js:159:3)
    at Object.urlParse [as parse] (url.js:154:13)
    at doDownload (/var/www/nodeapps/IlluminatiBotti2/node_modules/miniget/dist/index.js:90:28)
    at processTicksAndRejections (internal/process/task_queues.js:79:11) {
  code: 'ERR_INVALID_ARG_TYPE'
}
(node:2735) ExperimentalWarning: Conditional exports is an experimental feature. This feature could change at any time
TypeError: Cannot read property 'id' of undefined
    at /var/www/nodeapps/IlluminatiBotti2/commands/youtube.js:26:66
    at runMicrotasks (<anonymous>)
    at processTicksAndRejections (internal/process/task_queues.js:97:5)
TypeError [ERR_INVALID_ARG_TYPE]: The "url" argument must be of type string. Received undefined
    at validateString (internal/validators.js:118:11)
    at Url.parse (url.js:159:3)
    at Object.urlParse [as parse] (url.js:154:13)
    at doDownload (/var/www/nodeapps/IlluminatiBotti2/node_modules/miniget/dist/index.js:90:28)
    at processTicksAndRejections (internal/process/task_queues.js:79:11) {
  code: 'ERR_INVALID_ARG_TYPE'
}
(node:3385) ExperimentalWarning: Conditional exports is an experimental feature. This feature could change at any time
(node:15495) ExperimentalWarning: Conditional exports is an experimental feature. This feature could change at any time
Error: Request failed with status code 401
    at createError (/var/www/nodeapps/IlluminatiBotti2/node_modules/axios/lib/core/createError.js:16:15)
    at settle (/var/www/nodeapps/IlluminatiBotti2/node_modules/axios/lib/core/settle.js:17:12)
    at IncomingMessage.handleStreamEnd (/var/www/nodeapps/IlluminatiBotti2/node_modules/axios/lib/adapters/http.js:236:11)
    at IncomingMessage.emit (events.js:333:22)
    at endReadableNT (_stream_readable.js:1201:12)
    at processTicksAndRejections (internal/process/task_queues.js:84:21) {
  config: {
    url: 'https://api.openweathermap.org/data/2.5/weather?q=kerava&appid=undefined&lang=fi&units=metric',
    method: 'get',
    headers: {
      Accept: 'application/json, text/plain, */*',
      'User-Agent': 'axios/0.19.2'
    },
    transformRequest: [ [Function: transformRequest] ],
    transformResponse: [ [Function: transformResponse] ],
    timeout: 0,
    adapter: [Function: httpAdapter],
    xsrfCookieName: 'XSRF-TOKEN',
    xsrfHeaderName: 'X-XSRF-TOKEN',
    maxContentLength: -1,
    validateStatus: [Function: validateStatus],
    data: undefined
  },
  request: <ref *1> ClientRequest {
    _events: [Object: null prototype] {
      socket: [Function (anonymous)],
      abort: [Function (anonymous)],
      aborted: [Function (anonymous)],
      error: [Function (anonymous)],
      timeout: [Function (anonymous)],
      prefinish: [Function: requestOnPrefinish]
    },
    _eventsCount: 6,
    _maxListeners: undefined,
    outputData: [],
    outputSize: 0,
    writable: true,
    _last: true,
    chunkedEncoding: false,
    shouldKeepAlive: false,
    useChunkedEncodingByDefault: false,
    sendDate: false,
    _removedConnection: false,
    _removedContLen: false,
    _removedTE: false,
    _contentLength: 0,
    _hasBody: true,
    _trailer: '',
    finished: true,
    _headerSent: true,
    socket: TLSSocket {
      _tlsOptions: [Object],
      _secureEstablished: true,
      _securePending: false,
      _newSessionPending: false,
      _controlReleased: true,
      _SNICallback: null,
      servername: 'api.openweathermap.org',
      alpnProtocol: false,
      authorized: true,
      authorizationError: null,
      encrypted: true,
      _events: [Object: null prototype],
      _eventsCount: 9,
      connecting: false,
      _hadError: false,
      _parent: null,
      _host: 'api.openweathermap.org',
      _readableState: [ReadableState],
      readable: true,
      _maxListeners: undefined,
      _writableState: [WritableState],
      writable: false,
      allowHalfOpen: false,
      _sockname: null,
      _pendingData: null,
      _pendingEncoding: '',
      server: undefined,
      _server: null,
      ssl: [TLSWrap],
      _requestCert: true,
      _rejectUnauthorized: true,
      parser: null,
      _httpMessage: [Circular *1],
      [Symbol(res)]: [TLSWrap],
      [Symbol(asyncId)]: 93,
      [Symbol(kHandle)]: [TLSWrap],
      [Symbol(kSetNoDelay)]: false,
      [Symbol(lastWriteQueueSize)]: 0,
      [Symbol(timeout)]: null,
      [Symbol(kBuffer)]: null,
      [Symbol(kBufferCb)]: null,
      [Symbol(kBufferGen)]: null,
      [Symbol(kCapture)]: false,
      [Symbol(kBytesRead)]: 0,
      [Symbol(kBytesWritten)]: 0,
      [Symbol(connect-options)]: [Object]
    },
    _header: 'GET /data/2.5/weather?q=kerava&appid=undefined&lang=fi&units=metric HTTP/1.1\r\n' +
      'Accept: application/json, text/plain, */*\r\n' +
      'User-Agent: axios/0.19.2\r\n' +
      'Host: api.openweathermap.org\r\n' +
      'Connection: close\r\n' +
      '\r\n',
    _onPendingData: [Function: noopPendingOutput],
    agent: Agent {
      _events: [Object: null prototype],
      _eventsCount: 2,
      _maxListeners: undefined,
      defaultPort: 443,
      protocol: 'https:',
      options: [Object],
      requests: {},
      sockets: [Object],
      freeSockets: {},
      keepAliveMsecs: 1000,
      keepAlive: false,
      maxSockets: Infinity,
      maxFreeSockets: 256,
      maxCachedSessions: 100,
      _sessionCache: [Object],
      [Symbol(kCapture)]: false
    },
    socketPath: undefined,
    method: 'GET',
    maxHeaderSize: undefined,
    insecureHTTPParser: undefined,
    path: '/data/2.5/weather?q=kerava&appid=undefined&lang=fi&units=metric',
    _ended: true,
    res: IncomingMessage {
      _readableState: [ReadableState],
      readable: false,
      _events: [Object: null prototype],
      _eventsCount: 3,
      _maxListeners: undefined,
      socket: [TLSSocket],
      httpVersionMajor: 1,
      httpVersionMinor: 1,
      httpVersion: '1.1',
      complete: true,
      headers: [Object],
      rawHeaders: [Array],
      trailers: {},
      rawTrailers: [],
      aborted: false,
      upgrade: false,
      url: '',
      method: null,
      statusCode: 401,
      statusMessage: 'Unauthorized',
      client: [TLSSocket],
      _consuming: false,
      _dumped: false,
      req: [Circular *1],
      responseUrl: 'https://api.openweathermap.org/data/2.5/weather?q=kerava&appid=undefined&lang=fi&units=metric',
      redirects: [],
      [Symbol(kCapture)]: false
    },
    aborted: false,
    timeoutCb: null,
    upgradeOrConnect: false,
    parser: null,
    maxHeadersCount: null,
    reusedSocket: false,
    _redirectable: Writable {
      _writableState: [WritableState],
      writable: true,
      _events: [Object: null prototype],
      _eventsCount: 2,
      _maxListeners: undefined,
      _options: [Object],
      _redirectCount: 0,
      _redirects: [],
      _requestBodyLength: 0,
      _requestBodyBuffers: [],
      _onNativeResponse: [Function (anonymous)],
      _currentRequest: [Circular *1],
      _currentUrl: 'https://api.openweathermap.org/data/2.5/weather?q=kerava&appid=undefined&lang=fi&units=metric',
      [Symbol(kCapture)]: false
    },
    [Symbol(kCapture)]: false,
    [Symbol(kNeedDrain)]: false,
    [Symbol(corked)]: 0,
    [Symbol(kOutHeaders)]: [Object: null prototype] {
      accept: [Array],
      'user-agent': [Array],
      host: [Array]
    }
  },
  response: {
    status: 401,
    statusText: 'Unauthorized',
    headers: {
      server: 'openresty',
      date: 'Mon, 18 May 2020 12:09:42 GMT',
      'content-type': 'application/json; charset=utf-8',
      'content-length': '107',
      connection: 'close',
      'x-cache-key': '/data/2.5/weather?lang=fi&q=kerava&units=metric',
      'access-control-allow-origin': '*',
      'access-control-allow-credentials': 'true',
      'access-control-allow-methods': 'GET, POST'
    },
    config: {
      url: 'https://api.openweathermap.org/data/2.5/weather?q=kerava&appid=undefined&lang=fi&units=metric',
      method: 'get',
      headers: [Object],
      transformRequest: [Array],
      transformResponse: [Array],
      timeout: 0,
      adapter: [Function: httpAdapter],
      xsrfCookieName: 'XSRF-TOKEN',
      xsrfHeaderName: 'X-XSRF-TOKEN',
      maxContentLength: -1,
      validateStatus: [Function: validateStatus],
      data: undefined
    },
    request: <ref *1> ClientRequest {
      _events: [Object: null prototype],
      _eventsCount: 6,
      _maxListeners: undefined,
      outputData: [],
      outputSize: 0,
      writable: true,
      _last: true,
      chunkedEncoding: false,
      shouldKeepAlive: false,
      useChunkedEncodingByDefault: false,
      sendDate: false,
      _removedConnection: false,
      _removedContLen: false,
      _removedTE: false,
      _contentLength: 0,
      _hasBody: true,
      _trailer: '',
      finished: true,
      _headerSent: true,
      socket: [TLSSocket],
      _header: 'GET /data/2.5/weather?q=kerava&appid=undefined&lang=fi&units=metric HTTP/1.1\r\n' +
        'Accept: application/json, text/plain, */*\r\n' +
        'User-Agent: axios/0.19.2\r\n' +
        'Host: api.openweathermap.org\r\n' +
        'Connection: close\r\n' +
        '\r\n',
      _onPendingData: [Function: noopPendingOutput],
      agent: [Agent],
      socketPath: undefined,
      method: 'GET',
      maxHeaderSize: undefined,
      insecureHTTPParser: undefined,
      path: '/data/2.5/weather?q=kerava&appid=undefined&lang=fi&units=metric',
      _ended: true,
      res: [IncomingMessage],
      aborted: false,
      timeoutCb: null,
      upgradeOrConnect: false,
      parser: null,
      maxHeadersCount: null,
      reusedSocket: false,
      _redirectable: [Writable],
      [Symbol(kCapture)]: false,
      [Symbol(kNeedDrain)]: false,
      [Symbol(corked)]: 0,
      [Symbol(kOutHeaders)]: [Object: null prototype]
    },
    data: {
      cod: 401,
      message: 'Invalid API key. Please see http://openweathermap.org/faq#error401 for more info.'
    }
  },
  isAxiosError: true,
  toJSON: [Function (anonymous)]
}
(node:15539) ExperimentalWarning: Conditional exports is an experimental feature. This feature could change at any time
(node:15562) ExperimentalWarning: Conditional exports is an experimental feature. This feature could change at any time
Error: Request failed with status code 401
    at createError (/var/www/nodeapps/IlluminatiBotti2/node_modules/axios/lib/core/createError.js:16:15)
    at settle (/var/www/nodeapps/IlluminatiBotti2/node_modules/axios/lib/core/settle.js:17:12)
    at IncomingMessage.handleStreamEnd (/var/www/nodeapps/IlluminatiBotti2/node_modules/axios/lib/adapters/http.js:236:11)
    at IncomingMessage.emit (events.js:333:22)
    at endReadableNT (_stream_readable.js:1201:12)
    at processTicksAndRejections (internal/process/task_queues.js:84:21) {
  config: {
    url: 'https://api.openweathermap.org/data/2.5/weather?q=kerava&appid=undefined&lang=fi&units=metric',
    method: 'get',
    headers: {
      Accept: 'application/json, text/plain, */*',
      'User-Agent': 'axios/0.19.2'
    },
    transformRequest: [ [Function: transformRequest] ],
    transformResponse: [ [Function: transformResponse] ],
    timeout: 0,
    adapter: [Function: httpAdapter],
    xsrfCookieName: 'XSRF-TOKEN',
    xsrfHeaderName: 'X-XSRF-TOKEN',
    maxContentLength: -1,
    validateStatus: [Function: validateStatus],
    data: undefined
  },
  request: <ref *1> ClientRequest {
    _events: [Object: null prototype] {
      socket: [Function (anonymous)],
      abort: [Function (anonymous)],
      aborted: [Function (anonymous)],
      error: [Function (anonymous)],
      timeout: [Function (anonymous)],
      prefinish: [Function: requestOnPrefinish]
    },
    _eventsCount: 6,
    _maxListeners: undefined,
    outputData: [],
    outputSize: 0,
    writable: true,
    _last: true,
    chunkedEncoding: false,
    shouldKeepAlive: false,
    useChunkedEncodingByDefault: false,
    sendDate: false,
    _removedConnection: false,
    _removedContLen: false,
    _removedTE: false,
    _contentLength: 0,
    _hasBody: true,
    _trailer: '',
    finished: true,
    _headerSent: true,
    socket: TLSSocket {
      _tlsOptions: [Object],
      _secureEstablished: true,
      _securePending: false,
      _newSessionPending: false,
      _controlReleased: true,
      _SNICallback: null,
      servername: 'api.openweathermap.org',
      alpnProtocol: false,
      authorized: true,
      authorizationError: null,
      encrypted: true,
      _events: [Object: null prototype],
      _eventsCount: 9,
      connecting: false,
      _hadError: false,
      _parent: null,
      _host: 'api.openweathermap.org',
      _readableState: [ReadableState],
      readable: true,
      _maxListeners: undefined,
      _writableState: [WritableState],
      writable: false,
      allowHalfOpen: false,
      _sockname: null,
      _pendingData: null,
      _pendingEncoding: '',
      server: undefined,
      _server: null,
      ssl: [TLSWrap],
      _requestCert: true,
      _rejectUnauthorized: true,
      parser: null,
      _httpMessage: [Circular *1],
      [Symbol(res)]: [TLSWrap],
      [Symbol(asyncId)]: 110,
      [Symbol(kHandle)]: [TLSWrap],
      [Symbol(kSetNoDelay)]: false,
      [Symbol(lastWriteQueueSize)]: 0,
      [Symbol(timeout)]: null,
      [Symbol(kBuffer)]: null,
      [Symbol(kBufferCb)]: null,
      [Symbol(kBufferGen)]: null,
      [Symbol(kCapture)]: false,
      [Symbol(kBytesRead)]: 0,
      [Symbol(kBytesWritten)]: 0,
      [Symbol(connect-options)]: [Object]
    },
    _header: 'GET /data/2.5/weather?q=kerava&appid=undefined&lang=fi&units=metric HTTP/1.1\r\n' +
      'Accept: application/json, text/plain, */*\r\n' +
      'User-Agent: axios/0.19.2\r\n' +
      'Host: api.openweathermap.org\r\n' +
      'Connection: close\r\n' +
      '\r\n',
    _onPendingData: [Function: noopPendingOutput],
    agent: Agent {
      _events: [Object: null prototype],
      _eventsCount: 2,
      _maxListeners: undefined,
      defaultPort: 443,
      protocol: 'https:',
      options: [Object],
      requests: {},
      sockets: [Object],
      freeSockets: {},
      keepAliveMsecs: 1000,
      keepAlive: false,
      maxSockets: Infinity,
      maxFreeSockets: 256,
      maxCachedSessions: 100,
      _sessionCache: [Object],
      [Symbol(kCapture)]: false
    },
    socketPath: undefined,
    method: 'GET',
    maxHeaderSize: undefined,
    insecureHTTPParser: undefined,
    path: '/data/2.5/weather?q=kerava&appid=undefined&lang=fi&units=metric',
    _ended: true,
    res: IncomingMessage {
      _readableState: [ReadableState],
      readable: false,
      _events: [Object: null prototype],
      _eventsCount: 3,
      _maxListeners: undefined,
      socket: [TLSSocket],
      httpVersionMajor: 1,
      httpVersionMinor: 1,
      httpVersion: '1.1',
      complete: true,
      headers: [Object],
      rawHeaders: [Array],
      trailers: {},
      rawTrailers: [],
      aborted: false,
      upgrade: false,
      url: '',
      method: null,
      statusCode: 401,
      statusMessage: 'Unauthorized',
      client: [TLSSocket],
      _consuming: false,
      _dumped: false,
      req: [Circular *1],
      responseUrl: 'https://api.openweathermap.org/data/2.5/weather?q=kerava&appid=undefined&lang=fi&units=metric',
      redirects: [],
      [Symbol(kCapture)]: false
    },
    aborted: false,
    timeoutCb: null,
    upgradeOrConnect: false,
    parser: null,
    maxHeadersCount: null,
    reusedSocket: false,
    _redirectable: Writable {
      _writableState: [WritableState],
      writable: true,
      _events: [Object: null prototype],
      _eventsCount: 2,
      _maxListeners: undefined,
      _options: [Object],
      _redirectCount: 0,
      _redirects: [],
      _requestBodyLength: 0,
      _requestBodyBuffers: [],
      _onNativeResponse: [Function (anonymous)],
      _currentRequest: [Circular *1],
      _currentUrl: 'https://api.openweathermap.org/data/2.5/weather?q=kerava&appid=undefined&lang=fi&units=metric',
      [Symbol(kCapture)]: false
    },
    [Symbol(kCapture)]: false,
    [Symbol(kNeedDrain)]: false,
    [Symbol(corked)]: 0,
    [Symbol(kOutHeaders)]: [Object: null prototype] {
      accept: [Array],
      'user-agent': [Array],
      host: [Array]
    }
  },
  response: {
    status: 401,
    statusText: 'Unauthorized',
    headers: {
      server: 'openresty',
      date: 'Mon, 18 May 2020 12:11:44 GMT',
      'content-type': 'application/json; charset=utf-8',
      'content-length': '107',
      connection: 'close',
      'x-cache-key': '/data/2.5/weather?lang=fi&q=kerava&units=metric',
      'access-control-allow-origin': '*',
      'access-control-allow-credentials': 'true',
      'access-control-allow-methods': 'GET, POST'
    },
    config: {
      url: 'https://api.openweathermap.org/data/2.5/weather?q=kerava&appid=undefined&lang=fi&units=metric',
      method: 'get',
      headers: [Object],
      transformRequest: [Array],
      transformResponse: [Array],
      timeout: 0,
      adapter: [Function: httpAdapter],
      xsrfCookieName: 'XSRF-TOKEN',
      xsrfHeaderName: 'X-XSRF-TOKEN',
      maxContentLength: -1,
      validateStatus: [Function: validateStatus],
      data: undefined
    },
    request: <ref *1> ClientRequest {
      _events: [Object: null prototype],
      _eventsCount: 6,
      _maxListeners: undefined,
      outputData: [],
      outputSize: 0,
      writable: true,
      _last: true,
      chunkedEncoding: false,
      shouldKeepAlive: false,
      useChunkedEncodingByDefault: false,
      sendDate: false,
      _removedConnection: false,
      _removedContLen: false,
      _removedTE: false,
      _contentLength: 0,
      _hasBody: true,
      _trailer: '',
      finished: true,
      _headerSent: true,
      socket: [TLSSocket],
      _header: 'GET /data/2.5/weather?q=kerava&appid=undefined&lang=fi&units=metric HTTP/1.1\r\n' +
        'Accept: application/json, text/plain, */*\r\n' +
        'User-Agent: axios/0.19.2\r\n' +
        'Host: api.openweathermap.org\r\n' +
        'Connection: close\r\n' +
        '\r\n',
      _onPendingData: [Function: noopPendingOutput],
      agent: [Agent],
      socketPath: undefined,
      method: 'GET',
      maxHeaderSize: undefined,
      insecureHTTPParser: undefined,
      path: '/data/2.5/weather?q=kerava&appid=undefined&lang=fi&units=metric',
      _ended: true,
      res: [IncomingMessage],
      aborted: false,
      timeoutCb: null,
      upgradeOrConnect: false,
      parser: null,
      maxHeadersCount: null,
      reusedSocket: false,
      _redirectable: [Writable],
      [Symbol(kCapture)]: false,
      [Symbol(kNeedDrain)]: false,
      [Symbol(corked)]: 0,
      [Symbol(kOutHeaders)]: [Object: null prototype]
    },
    data: {
      cod: 401,
      message: 'Invalid API key. Please see http://openweathermap.org/faq#error401 for more info.'
    }
  },
  isAxiosError: true,
  toJSON: [Function (anonymous)]
}
(node:15608) ExperimentalWarning: Conditional exports is an experimental feature. This feature could change at any time
(node:15702) ExperimentalWarning: Conditional exports is an experimental feature. This feature could change at any time
Error: Request failed with status code 404
    at createError (/var/www/nodeapps/IlluminatiBotti2/node_modules/axios/lib/core/createError.js:16:15)
    at settle (/var/www/nodeapps/IlluminatiBotti2/node_modules/axios/lib/core/settle.js:17:12)
    at IncomingMessage.handleStreamEnd (/var/www/nodeapps/IlluminatiBotti2/node_modules/axios/lib/adapters/http.js:236:11)
    at IncomingMessage.emit (events.js:333:22)
    at endReadableNT (_stream_readable.js:1201:12)
    at processTicksAndRejections (internal/process/task_queues.js:84:21) {
  config: {
    url: 'https://api.openweathermap.org/data/2.5/weather?q=efhf&appid=bc8b414d2056f2366361b908ba8f1235&lang=fi&units=metric',
    method: 'get',
    headers: {
      Accept: 'application/json, text/plain, */*',
      'User-Agent': 'axios/0.19.2'
    },
    transformRequest: [ [Function: transformRequest] ],
    transformResponse: [ [Function: transformResponse] ],
    timeout: 0,
    adapter: [Function: httpAdapter],
    xsrfCookieName: 'XSRF-TOKEN',
    xsrfHeaderName: 'X-XSRF-TOKEN',
    maxContentLength: -1,
    validateStatus: [Function: validateStatus],
    data: undefined
  },
  request: <ref *1> ClientRequest {
    _events: [Object: null prototype] {
      socket: [Function (anonymous)],
      abort: [Function (anonymous)],
      aborted: [Function (anonymous)],
      error: [Function (anonymous)],
      timeout: [Function (anonymous)],
      prefinish: [Function: requestOnPrefinish]
    },
    _eventsCount: 6,
    _maxListeners: undefined,
    outputData: [],
    outputSize: 0,
    writable: true,
    _last: true,
    chunkedEncoding: false,
    shouldKeepAlive: false,
    useChunkedEncodingByDefault: false,
    sendDate: false,
    _removedConnection: false,
    _removedContLen: false,
    _removedTE: false,
    _contentLength: 0,
    _hasBody: true,
    _trailer: '',
    finished: true,
    _headerSent: true,
    socket: TLSSocket {
      _tlsOptions: [Object],
      _secureEstablished: true,
      _securePending: false,
      _newSessionPending: false,
      _controlReleased: true,
      _SNICallback: null,
      servername: false,
      alpnProtocol: false,
      authorized: true,
      authorizationError: null,
      encrypted: true,
      _events: [Object: null prototype],
      _eventsCount: 9,
      connecting: false,
      _hadError: false,
      _parent: null,
      _host: 'api.openweathermap.org',
      _readableState: [ReadableState],
      readable: true,
      _maxListeners: undefined,
      _writableState: [WritableState],
      writable: false,
      allowHalfOpen: false,
      _sockname: null,
      _pendingData: null,
      _pendingEncoding: '',
      server: undefined,
      _server: null,
      ssl: [TLSWrap],
      _requestCert: true,
      _rejectUnauthorized: true,
      parser: null,
      _httpMessage: [Circular *1],
      [Symbol(res)]: [TLSWrap],
      [Symbol(asyncId)]: 65313,
      [Symbol(kHandle)]: [TLSWrap],
      [Symbol(kSetNoDelay)]: false,
      [Symbol(lastWriteQueueSize)]: 0,
      [Symbol(timeout)]: null,
      [Symbol(kBuffer)]: null,
      [Symbol(kBufferCb)]: null,
      [Symbol(kBufferGen)]: null,
      [Symbol(kCapture)]: false,
      [Symbol(kBytesRead)]: 0,
      [Symbol(kBytesWritten)]: 0,
      [Symbol(connect-options)]: [Object]
    },
    _header: 'GET /data/2.5/weather?q=efhf&appid=bc8b414d2056f2366361b908ba8f1235&lang=fi&units=metric HTTP/1.1\r\n' +
      'Accept: application/json, text/plain, */*\r\n' +
      'User-Agent: axios/0.19.2\r\n' +
      'Host: api.openweathermap.org\r\n' +
      'Connection: close\r\n' +
      '\r\n',
    _onPendingData: [Function: noopPendingOutput],
    agent: Agent {
      _events: [Object: null prototype],
      _eventsCount: 2,
      _maxListeners: undefined,
      defaultPort: 443,
      protocol: 'https:',
      options: [Object],
      requests: {},
      sockets: [Object],
      freeSockets: {},
      keepAliveMsecs: 1000,
      keepAlive: false,
      maxSockets: Infinity,
      maxFreeSockets: 256,
      maxCachedSessions: 100,
      _sessionCache: [Object],
      [Symbol(kCapture)]: false
    },
    socketPath: undefined,
    method: 'GET',
    maxHeaderSize: undefined,
    insecureHTTPParser: undefined,
    path: '/data/2.5/weather?q=efhf&appid=bc8b414d2056f2366361b908ba8f1235&lang=fi&units=metric',
    _ended: true,
    res: IncomingMessage {
      _readableState: [ReadableState],
      readable: false,
      _events: [Object: null prototype],
      _eventsCount: 3,
      _maxListeners: undefined,
      socket: [TLSSocket],
      httpVersionMajor: 1,
      httpVersionMinor: 1,
      httpVersion: '1.1',
      complete: true,
      headers: [Object],
      rawHeaders: [Array],
      trailers: {},
      rawTrailers: [],
      aborted: false,
      upgrade: false,
      url: '',
      method: null,
      statusCode: 404,
      statusMessage: 'Not Found',
      client: [TLSSocket],
      _consuming: false,
      _dumped: false,
      req: [Circular *1],
      responseUrl: 'https://api.openweathermap.org/data/2.5/weather?q=efhf&appid=bc8b414d2056f2366361b908ba8f1235&lang=fi&units=metric',
      redirects: [],
      [Symbol(kCapture)]: false
    },
    aborted: false,
    timeoutCb: null,
    upgradeOrConnect: false,
    parser: null,
    maxHeadersCount: null,
    reusedSocket: false,
    _redirectable: Writable {
      _writableState: [WritableState],
      writable: true,
      _events: [Object: null prototype],
      _eventsCount: 2,
      _maxListeners: undefined,
      _options: [Object],
      _redirectCount: 0,
      _redirects: [],
      _requestBodyLength: 0,
      _requestBodyBuffers: [],
      _onNativeResponse: [Function (anonymous)],
      _currentRequest: [Circular *1],
      _currentUrl: 'https://api.openweathermap.org/data/2.5/weather?q=efhf&appid=bc8b414d2056f2366361b908ba8f1235&lang=fi&units=metric',
      [Symbol(kCapture)]: false
    },
    [Symbol(kCapture)]: false,
    [Symbol(kNeedDrain)]: false,
    [Symbol(corked)]: 0,
    [Symbol(kOutHeaders)]: [Object: null prototype] {
      accept: [Array],
      'user-agent': [Array],
      host: [Array]
    }
  },
  response: {
    status: 404,
    statusText: 'Not Found',
    headers: {
      server: 'openresty',
      date: 'Mon, 18 May 2020 23:50:14 GMT',
      'content-type': 'application/json; charset=utf-8',
      'content-length': '40',
      connection: 'close',
      'x-cache-key': '/data/2.5/weather?lang=fi&q=efhf&units=metric',
      'access-control-allow-origin': '*',
      'access-control-allow-credentials': 'true',
      'access-control-allow-methods': 'GET, POST'
    },
    config: {
      url: 'https://api.openweathermap.org/data/2.5/weather?q=efhf&appid=bc8b414d2056f2366361b908ba8f1235&lang=fi&units=metric',
      method: 'get',
      headers: [Object],
      transformRequest: [Array],
      transformResponse: [Array],
      timeout: 0,
      adapter: [Function: httpAdapter],
      xsrfCookieName: 'XSRF-TOKEN',
      xsrfHeaderName: 'X-XSRF-TOKEN',
      maxContentLength: -1,
      validateStatus: [Function: validateStatus],
      data: undefined
    },
    request: <ref *1> ClientRequest {
      _events: [Object: null prototype],
      _eventsCount: 6,
      _maxListeners: undefined,
      outputData: [],
      outputSize: 0,
      writable: true,
      _last: true,
      chunkedEncoding: false,
      shouldKeepAlive: false,
      useChunkedEncodingByDefault: false,
      sendDate: false,
      _removedConnection: false,
      _removedContLen: false,
      _removedTE: false,
      _contentLength: 0,
      _hasBody: true,
      _trailer: '',
      finished: true,
      _headerSent: true,
      socket: [TLSSocket],
      _header: 'GET /data/2.5/weather?q=efhf&appid=bc8b414d2056f2366361b908ba8f1235&lang=fi&units=metric HTTP/1.1\r\n' +
        'Accept: application/json, text/plain, */*\r\n' +
        'User-Agent: axios/0.19.2\r\n' +
        'Host: api.openweathermap.org\r\n' +
        'Connection: close\r\n' +
        '\r\n',
      _onPendingData: [Function: noopPendingOutput],
      agent: [Agent],
      socketPath: undefined,
      method: 'GET',
      maxHeaderSize: undefined,
      insecureHTTPParser: undefined,
      path: '/data/2.5/weather?q=efhf&appid=bc8b414d2056f2366361b908ba8f1235&lang=fi&units=metric',
      _ended: true,
      res: [IncomingMessage],
      aborted: false,
      timeoutCb: null,
      upgradeOrConnect: false,
      parser: null,
      maxHeadersCount: null,
      reusedSocket: false,
      _redirectable: [Writable],
      [Symbol(kCapture)]: false,
      [Symbol(kNeedDrain)]: false,
      [Symbol(corked)]: 0,
      [Symbol(kOutHeaders)]: [Object: null prototype]
    },
    data: { cod: '404', message: 'city not found' }
  },
  isAxiosError: true,
  toJSON: [Function (anonymous)]
}
(node:19886) ExperimentalWarning: Conditional exports is an experimental feature. This feature could change at any time
(node:26042) ExperimentalWarning: Conditional exports is an experimental feature. This feature could change at any time
(node:2255) ExperimentalWarning: Conditional exports is an experimental feature. This feature could change at any time
(node:2467) ExperimentalWarning: Conditional exports is an experimental feature. This feature could change at any time
(node:4066) ExperimentalWarning: Conditional exports is an experimental feature. This feature could change at any time
TypeError [ERR_INVALID_ARG_TYPE]: The "url" argument must be of type string. Received undefined
    at validateString (internal/validators.js:118:11)
    at Url.parse (url.js:159:3)
    at Object.urlParse [as parse] (url.js:154:13)
    at doDownload (/var/www/nodeapps/IlluminatiBotti2/node_modules/miniget/dist/index.js:90:28)
    at processTicksAndRejections (internal/process/task_queues.js:79:11) {
  code: 'ERR_INVALID_ARG_TYPE'
}
(node:28300) ExperimentalWarning: Conditional exports is an experimental feature. This feature could change at any time
